{"numTotalTestSuites":4,"numPassedTestSuites":4,"numFailedTestSuites":0,"numPendingTestSuites":0,"numTotalTests":3,"numPassedTests":3,"numFailedTests":0,"numPendingTests":0,"numTodoTests":0,"startTime":1760053588837,"success":true,"testResults":[{"assertionResults":[{"ancestorTitles":["","CodeApiClient"],"fullName":" CodeApiClient adds bearer token header when set","status":"passed","title":"adds bearer token header when set","duration":12,"failureMessages":[]},{"ancestorTitles":["","CodeApiClient"],"fullName":" CodeApiClient throws on non-ok generate","status":"passed","title":"throws on non-ok generate","duration":6,"failureMessages":[]}],"startTime":1760053598291,"endTime":1760053598310,"status":"passed","message":"","name":"C:/Users/User/OneDrive/Documentos/Extraordinaria.ai/CorporateWebsite/test/codeApiClient.test.ts"},{"assertionResults":[{"ancestorTitles":["","iframeMessenger"],"fullName":" iframeMessenger initializes and exposes API","status":"passed","title":"initializes and exposes API","duration":5,"failureMessages":[]}],"startTime":1760053598305,"endTime":1760053598310,"status":"passed","message":"","name":"C:/Users/User/OneDrive/Documentos/Extraordinaria.ai/CorporateWebsite/test/iframeMessenger.test.ts"}]}